# JRE version: OpenJDK Runtime Environment (17.0.6) (build 17.0.6+0-b2043.56-9586694)
# Java VM: OpenJDK 64-Bit Server VM (17.0.6+0-b2043.56-9586694, mixed mode, tiered, compressed oops, compressed class ptrs, g1 gc, windows-amd64)
GC Precious Log:
 CPUs: 8 total, 8 available
 Memory: 6081M
 Large Page Support: Disabled
 NUMA Support: Disabled
 Compressed Oops: Enabled (32-bit)
 Heap Region Size: 1M
 Heap Min Capacity: 8M
 Heap Initial Capacity: 96M
 Heap Max Capacity: 2G
 Pre-touch: Disabled
 Parallel Workers: 8
 Concurrent Workers: 2
 Concurrent Refinement Workers: 8
 Periodic GC: Disabled
Heap:
 garbage-first heap   total 467968K, used 121659K [0x0000000080000000, 0x0000000100000000)
  region size 1024K, 3 young (3072K), 3 survivors (3072K)
 Metaspace       used 149067K, committed 150912K, reserved 1179648K
  class space    used 19347K, committed 20288K, reserved 1048576K
GC Heap History (20 events):
Event: 6860.815 GC heap after
{Heap after GC invocations=88 (full 0):
 garbage-first heap   total 467968K, used 118024K [0x0000000080000000, 0x0000000100000000)
  region size 1024K, 2 young (2048K), 2 survivors (2048K)
 Metaspace       used 148129K, committed 149952K, reserved 1179648K
  class space    used 19341K, committed 20224K, reserved 1048576K
}
Event: 6861.539 GC heap before
{Heap before GC invocations=88 (full 0):
 garbage-first heap   total 467968K, used 139528K [0x0000000080000000, 0x0000000100000000)
  region size 1024K, 24 young (24576K), 2 survivors (2048K)
 Metaspace       used 148228K, committed 150080K, reserved 1179648K
  class space    used 19346K, committed 20224K, reserved 1048576K
}
Event: 6861.563 GC heap after
{Heap after GC invocations=89 (full 0):
 garbage-first heap   total 467968K, used 118030K [0x0000000080000000, 0x0000000100000000)
  region size 1024K, 2 young (2048K), 2 survivors (2048K)
 Metaspace       used 148228K, committed 150080K, reserved 1179648K
  class space    used 19346K, committed 20224K, reserved 1048576K
}
Event: 8222.282 GC heap before
{Heap before GC invocations=90 (full 0):
 garbage-first heap   total 437248K, used 366862K [0x0000000080000000, 0x0000000100000000)
  region size 1024K, 232 young (237568K), 2 survivors (2048K)
 Metaspace       used 148497K, committed 150400K, reserved 1179648K
  class space    used 19351K, committed 20288K, reserved 1048576K
}
Event: 8222.411 GC heap after
{Heap after GC invocations=91 (full 0):
 garbage-first heap   total 437248K, used 123305K [0x0000000080000000, 0x0000000100000000)
  region size 1024K, 7 young (7168K), 7 survivors (7168K)
 Metaspace       used 148497K, committed 150400K, reserved 1179648K
  class space    used 19351K, committed 20288K, reserved 1048576K
}
Event: 8223.178 GC heap before
{Heap before GC invocations=91 (full 0):
 garbage-first heap   total 437248K, used 138665K [0x0000000080000000, 0x0000000100000000)
  region size 1024K, 21 young (21504K), 7 survivors (7168K)
 Metaspace       used 148498K, committed 150400K, reserved 1179648K
  class space    used 19351K, committed 20288K, reserved 1048576K
}
Event: 8223.349 GC heap after
{Heap after GC invocations=92 (full 0):
 garbage-first heap   total 437248K, used 124216K [0x0000000080000000, 0x0000000100000000)
  region size 1024K, 3 young (3072K), 3 survivors (3072K)
 Metaspace       used 148498K, committed 150400K, reserved 1179648K
  class space    used 19351K, committed 20288K, reserved 1048576K
}
Event: 8225.851 GC heap before
{Heap before GC invocations=92 (full 0):
 garbage-first heap   total 437248K, used 176440K [0x0000000080000000, 0x0000000100000000)
  region size 1024K, 56 young (57344K), 3 survivors (3072K)
 Metaspace       used 148568K, committed 150464K, reserved 1179648K
  class space    used 19351K, committed 20288K, reserved 1048576K
}
Event: 8225.882 GC heap after
{Heap after GC invocations=93 (full 0):
 garbage-first heap   total 437248K, used 129761K [0x0000000080000000, 0x0000000100000000)
  region size 1024K, 9 young (9216K), 9 survivors (9216K)
 Metaspace       used 148568K, committed 150464K, reserved 1179648K
  class space    used 19351K, committed 20288K, reserved 1048576K
}
Event: 8654.807 GC heap before
{Heap before GC invocations=94 (full 0):
 garbage-first heap   total 437248K, used 344801K [0x0000000080000000, 0x0000000100000000)
  region size 1024K, 206 young (210944K), 9 survivors (9216K)
 Metaspace       used 148750K, committed 150656K, reserved 1179648K
  class space    used 19352K, committed 20288K, reserved 1048576K
}
Event: 8654.957 GC heap after
{Heap after GC invocations=95 (full 0):
 garbage-first heap   total 437248K, used 133691K [0x0000000080000000, 0x0000000100000000)
  region size 1024K, 13 young (13312K), 13 survivors (13312K)
 Metaspace       used 148750K, committed 150656K, reserved 1179648K
  class space    used 19352K, committed 20288K, reserved 1048576K
}
Event: 8655.394 GC heap before
{Heap before GC invocations=95 (full 0):
 garbage-first heap   total 437248K, used 140859K [0x0000000080000000, 0x0000000100000000)
  region size 1024K, 21 young (21504K), 13 survivors (13312K)
 Metaspace       used 148757K, committed 150720K, reserved 1179648K
  class space    used 19352K, committed 20288K, reserved 1048576K
}
Event: 8655.527 GC heap after
{Heap after GC invocations=96 (full 0):
 garbage-first heap   total 437248K, used 128100K [0x0000000080000000, 0x0000000100000000)
  region size 1024K, 3 young (3072K), 3 survivors (3072K)
 Metaspace       used 148757K, committed 150720K, reserved 1179648K
  class space    used 19352K, committed 20288K, reserved 1048576K
}
Event: 8894.104 GC heap before
{Heap before GC invocations=96 (full 0):
 garbage-first heap   total 437248K, used 255076K [0x0000000080000000, 0x0000000100000000)
  region size 1024K, 129 young (132096K), 3 survivors (3072K)
 Metaspace       used 148856K, committed 150720K, reserved 1179648K
  class space    used 19352K, committed 20288K, reserved 1048576K
}
Event: 8894.169 GC heap after
{Heap after GC invocations=97 (full 0):
 garbage-first heap   total 437248K, used 135272K [0x0000000080000000, 0x0000000100000000)
  region size 1024K, 10 young (10240K), 10 survivors (10240K)
 Metaspace       used 148856K, committed 150720K, reserved 1179648K
  class space    used 19352K, committed 20288K, reserved 1048576K
}
Event: 9430.988 GC heap before
{Heap before GC invocations=98 (full 0):
 garbage-first heap   total 437248K, used 369768K [0x0000000080000000, 0x0000000100000000)
  region size 1024K, 214 young (219136K), 10 survivors (10240K)
 Metaspace       used 148985K, committed 150912K, reserved 1179648K
  class space    used 19347K, committed 20288K, reserved 1048576K
}
Event: 9431.121 GC heap after
{Heap after GC invocations=99 (full 0):
 garbage-first heap   total 437248K, used 139437K [0x0000000080000000, 0x0000000100000000)
  region size 1024K, 12 young (12288K), 12 survivors (12288K)
 Metaspace       used 148985K, committed 150912K, reserved 1179648K
  class space    used 19347K, committed 20288K, reserved 1048576K
}
Event: 9431.362 GC heap before
{Heap before GC invocations=99 (full 0):
 garbage-first heap   total 437248K, used 147629K [0x0000000080000000, 0x0000000100000000)
  region size 1024K, 21 young (21504K), 12 survivors (12288K)
 Metaspace       used 149034K, committed 150912K, reserved 1179648K
  class space    used 19347K, committed 20288K, reserved 1048576K
}
Event: 9431.528 GC heap after
{Heap after GC invocations=100 (full 0):
 garbage-first heap   total 437248K, used 121613K [0x0000000080000000, 0x0000000100000000)
  region size 1024K, 3 young (3072K), 3 survivors (3072K)
 Metaspace       used 149034K, committed 150912K, reserved 1179648K
  class space    used 19347K, committed 20288K, reserved 1048576K
}
Event: 9431.881 GC heap before
{Heap before GC invocations=100 (full 0):
 garbage-first heap   total 437248K, used 124685K [0x0000000080000000, 0x0000000100000000)
  region size 1024K, 7 young (7168K), 3 survivors (3072K)
 Metaspace       used 149067K, committed 150912K, reserved 1179648K
  class space    used 19347K, committed 20288K, reserved 1048576K
}

